<?xml version="1.0" encoding="UTF-8"?>
<!-- Generated by org.testng.reporters.JUnitReportReporter -->
<testsuite skipped="0" hostname="US-5CG94924ZQ" name="HRM.Orange.PageTests.Admin.AssignLeaveTest" tests="1" failures="0" timestamp="03 May 2021 10:24:05 GMT" time="11.348" errors="0">
  <testcase name="Assignleave" time="11.348" classname="HRM.Orange.PageTests.Admin.AssignLeaveTest"/>
</testsuite> <!-- HRM.Orange.PageTests.Admin.AssignLeaveTest -->
