<?xml version="1.0" encoding="UTF-8"?>
<!-- Generated by org.testng.reporters.JUnitReportReporter -->
<testsuite skipped="0" hostname="US-5CG94924ZQ" name="HRM.Orange.PageTests.Admin.AdminPageTest" tests="2" failures="0" timestamp="27 Apr 2021 04:45:23 GMT" time="16.686" errors="0">
  <testcase name="AdminTest" time="7.038" classname="HRM.Orange.PageTests.Admin.AdminPageTest"/>
  <testcase name="AdminTest" time="9.648" classname="HRM.Orange.PageTests.Admin.AdminPageTest"/>
</testsuite> <!-- HRM.Orange.PageTests.Admin.AdminPageTest -->
