<?xml version="1.0" encoding="UTF-8"?>
<!-- Generated by org.testng.reporters.JUnitReportReporter -->
<testsuite skipped="0" hostname="US-5CG94924ZQ" name="HRM.Orange.PageTests.Admin.JobpageTest1" tests="1" failures="0" timestamp="21 Apr 2021 13:49:13 GMT" time="11.600" errors="0">
  <testcase name="addData" time="11.600" classname="HRM.Orange.PageTests.Admin.JobpageTest1"/>
</testsuite> <!-- HRM.Orange.PageTests.Admin.JobpageTest1 -->
