<?xml version="1.0" encoding="UTF-8"?>
<!-- Generated by org.testng.reporters.JUnitReportReporter -->
<testsuite skipped="0" hostname="US-5CG94924ZQ" name="HRM.Orange.PageTests.MyInfo.PersonalDetailsTest" tests="1" failures="0" timestamp="27 Apr 2021 08:22:17 GMT" time="10.900" errors="0">
  <testcase name="PersonalDetailsPage" time="10.900" classname="HRM.Orange.PageTests.MyInfo.PersonalDetailsTest"/>
</testsuite> <!-- HRM.Orange.PageTests.MyInfo.PersonalDetailsTest -->
