<?xml version="1.0" encoding="UTF-8"?>
<!-- Generated by org.testng.reporters.JUnitReportReporter -->
<testsuite skipped="2" hostname="US-5CG94924ZQ" name="HRM.Orange.PageTests.Admin.JobPageTest" tests="2" failures="0" timestamp="21 Apr 2021 12:39:05 GMT" time="0.000" errors="0">
  <testcase name="AddData" time="0.000" classname="HRM.Orange.PageTests.Admin.JobPageTest">
    <skipped/>
  </testcase> <!-- AddData -->
  <testcase name="test" classname="HRM.Orange.PageTests.Admin.JobPageTest">
    <skipped/>
  </testcase> <!-- test -->
</testsuite> <!-- HRM.Orange.PageTests.Admin.JobPageTest -->
