<?xml version="1.0" encoding="UTF-8"?>
<!-- Generated by org.testng.reporters.JUnitReportReporter -->
<testsuite skipped="0" hostname="US-5CG94924ZQ" name="HRM.Orange.PageTests.MyInfo.EmergencyContactsTest" tests="1" failures="0" timestamp="28 Apr 2021 06:15:30 GMT" time="19.698" errors="0">
  <testcase name="EmergencyContactData" time="19.698" classname="HRM.Orange.PageTests.MyInfo.EmergencyContactsTest"/>
</testsuite> <!-- HRM.Orange.PageTests.MyInfo.EmergencyContactsTest -->
