<?xml version="1.0" encoding="UTF-8"?>
<!-- Generated by org.testng.reporters.JUnitReportReporter -->
<testsuite skipped="0" hostname="US-5CG94924ZQ" name="HRM.Orange.PageTests.AdminPageTest" tests="2" failures="0" timestamp="21 Apr 2021 09:59:22 GMT" time="17.009" errors="0">
  <testcase name="AdminTest" time="10.038" classname="HRM.Orange.PageTests.AdminPageTest"/>
  <testcase name="AdminTest" time="6.971" classname="HRM.Orange.PageTests.AdminPageTest"/>
</testsuite> <!-- HRM.Orange.PageTests.AdminPageTest -->
