<?xml version="1.0" encoding="UTF-8"?>
<!-- Generated by org.testng.reporters.JUnitReportReporter -->
<testsuite skipped="0" hostname="US-5CG94924ZQ" name="HRM.Orange.PageTests.Admin.AdminPageTest" tests="2" failures="0" timestamp="25 May 2021 12:05:34 GMT" time="21.082" errors="0">
  <testcase name="AdminTest" time="12.810" classname="HRM.Orange.PageTests.Admin.AdminPageTest"/>
  <testcase name="AdminTest" time="8.272" classname="HRM.Orange.PageTests.Admin.AdminPageTest"/>
</testsuite> <!-- HRM.Orange.PageTests.Admin.AdminPageTest -->
